e:\source\3.c\windows駭客程式設計 勒索病毒加密篇\common\common\debug\vc142.pdb
e:\source\3.c\windows駭客程式設計 勒索病毒加密篇\common\common\debug\vc142.idb
e:\source\3.c\windows駭客程式設計 勒索病毒加密篇\common\common\debug\socktool.obj
e:\source\3.c\windows駭客程式設計 勒索病毒加密篇\common\common\debug\ezfile.obj
e:\source\3.c\windows駭客程式設計 勒索病毒加密篇\common\common\debug\hexdump.obj
e:\source\3.c\windows駭客程式設計 勒索病毒加密篇\common\common\debug\common.obj
e:\source\3.c\windows駭客程式設計 勒索病毒加密篇\common\debug\common.ilk
e:\source\3.c\windows駭客程式設計 勒索病毒加密篇\common\debug\common.exe
e:\source\3.c\windows駭客程式設計 勒索病毒加密篇\common\debug\common.pdb
e:\source\3.c\windows駭客程式設計 勒索病毒加密篇\chapter1\common\common\debug\common.obj
e:\source\3.c\windows駭客程式設計 勒索病毒加密篇\chapter1\common\common\debug\ezfile.obj
e:\source\3.c\windows駭客程式設計 勒索病毒加密篇\chapter1\common\common\debug\hexdump.obj
e:\source\3.c\windows駭客程式設計 勒索病毒加密篇\chapter1\common\common\debug\socktool.obj
e:\source\3.c\windows駭客程式設計 勒索病毒加密篇\chapter1\common\common\debug\vc142.idb
e:\source\3.c\windows駭客程式設計 勒索病毒加密篇\chapter1\common\common\debug\vc142.pdb
e:\source\3.c\windows駭客程式設計 勒索病毒加密篇\chapter1\common\debug\common.pdb
e:\source\3.c\windows駭客程式設計 勒索病毒加密篇\chapter1\common\debug\common.exe
e:\source\3.c\windows駭客程式設計 勒索病毒加密篇\chapter1\common\debug\common.ilk
e:\source\3.c\windows駭客程式設計 勒索病毒加密篇\chapter1\common\common\debug\common.tlog\cl.command.1.tlog
e:\source\3.c\windows駭客程式設計 勒索病毒加密篇\chapter1\common\common\debug\common.tlog\cl.read.1.tlog
e:\source\3.c\windows駭客程式設計 勒索病毒加密篇\chapter1\common\common\debug\common.tlog\cl.write.1.tlog
e:\source\3.c\windows駭客程式設計 勒索病毒加密篇\chapter1\common\common\debug\common.tlog\link.command.1.tlog
e:\source\3.c\windows駭客程式設計 勒索病毒加密篇\chapter1\common\common\debug\common.tlog\link.read.1.tlog
e:\source\3.c\windows駭客程式設計 勒索病毒加密篇\chapter1\common\common\debug\common.tlog\link.write.1.tlog
